This file contains any messages produced by compilers while
running configure, to aid debugging if configure makes a mistake.

It was created by Alib configure 1.1.1, which was
generated by GNU Autoconf 2.63.  Invocation command line was

  $ /home/mugur/work/campcaster/campcaster/src/modules/alib/tmp/configure --prefix=/home/mugur/work/campcaster/campcaster/usr PACKAGE_VERSION=1.3.0

## --------- ##
## Platform. ##
## --------- ##

hostname = hope
uname -m = i686
uname -r = 2.6.28-13-generic
uname -s = Linux
uname -v = #45-Ubuntu SMP Tue Jun 30 19:49:51 UTC 2009

/usr/bin/uname -p = unknown
/bin/uname -X     = unknown

/bin/arch              = unknown
/usr/bin/arch -k       = unknown
/usr/convex/getsysinfo = unknown
/usr/bin/hostinfo      = unknown
/bin/machine           = unknown
/usr/bin/oslevel       = unknown
/bin/universe          = unknown

PATH: /home/mugur/bin
PATH: /usr/local/sbin
PATH: /usr/local/bin
PATH: /usr/sbin
PATH: /usr/bin
PATH: /sbin
PATH: /bin
PATH: /usr/games


## ----------- ##
## Core tests. ##
## ----------- ##

configure:1865: creating ./config.status

## ---------------------- ##
## Running config.status. ##
## ---------------------- ##

This file was extended by Alib config.status 1.1.1, which was
generated by GNU Autoconf 2.63.  Invocation command line was

  CONFIG_FILES    = 
  CONFIG_HEADERS  = 
  CONFIG_LINKS    = 
  CONFIG_COMMANDS = 
  $ ./config.status 

on hope

config.status:634: creating ../Makefile

## ---------------- ##
## Cache variables. ##
## ---------------- ##

ac_cv_env_build_alias_set=
ac_cv_env_build_alias_value=
ac_cv_env_host_alias_set=
ac_cv_env_host_alias_value=
ac_cv_env_target_alias_set=
ac_cv_env_target_alias_value=

## ----------------- ##
## Output variables. ##
## ----------------- ##

DEFS='-DPACKAGE_NAME=\"Alib\" -DPACKAGE_TARNAME=\"alib\" -DPACKAGE_VERSION=\"1.3.0\" -DPACKAGE_STRING=\"Alib\ 1.1.1\" -DPACKAGE_BUGREPORT=\"bugs@campware.org\"'
ECHO_C=''
ECHO_N='-n'
ECHO_T=''
LIBOBJS=''
LIBS=''
LTLIBOBJS=''
PACKAGE_BUGREPORT='bugs@campware.org'
PACKAGE_NAME='Alib'
PACKAGE_STRING='Alib 1.1.1'
PACKAGE_TARNAME='alib'
PACKAGE_VERSION='1.3.0'
PATH_SEPARATOR=':'
SHELL='/bin/bash'
bindir='${exec_prefix}/bin'
build_alias=''
datadir='${datarootdir}'
datarootdir='${prefix}/share'
docdir='${datarootdir}/doc/${PACKAGE_TARNAME}'
dvidir='${docdir}'
exec_prefix='${prefix}'
host_alias=''
htmldir='${docdir}'
includedir='${prefix}/include'
infodir='${datarootdir}/info'
libdir='${exec_prefix}/lib'
libexecdir='${exec_prefix}/libexec'
localedir='${datarootdir}/locale'
localstatedir='${prefix}/var'
mandir='${datarootdir}/man'
oldincludedir='/usr/include'
pdfdir='${docdir}'
prefix='/home/mugur/work/campcaster/campcaster/usr'
program_transform_name='s,x,x,'
psdir='${docdir}'
sbindir='${exec_prefix}/sbin'
sharedstatedir='${prefix}/com'
sysconfdir='${prefix}/etc'
target_alias=''

## ----------- ##
## confdefs.h. ##
## ----------- ##

#define PACKAGE_NAME "Alib"
#define PACKAGE_TARNAME "alib"
#define PACKAGE_VERSION "1.3.0"
#define PACKAGE_STRING "Alib 1.1.1"
#define PACKAGE_BUGREPORT "bugs@campware.org"

configure: exit 0
